<?xml version="1.0" encoding="UTF-8"?>
<!-- Generated by org.testng.reporters.JUnitXMLReporter -->
<testsuite ignored="0" hostname="MSI" failures="1" tests="2" name="Test" time="77.816" errors="0" timestamp="2022-12-03T16:21:07 IST">
  <testcase classname="NeoStoxTestClasses.ValidateNeoStoxBalance" name="@AfterMethod logOutFromApplication" time="1.125">
    <failure type="org.openqa.selenium.ElementClickInterceptedException" message="element click intercepted: Element &amp;lt;span id=&amp;quot;lbl_username&amp;quot;&amp;gt;...&amp;lt;/span&amp;gt; is not clickable at point (1188, 14). Other element would receive the click: &amp;lt;div class=&amp;quot;modal show&amp;quot; id=&amp;quot;modal_buyplans&amp;quot; role=&amp;quot;dialog&amp;quot; data-backdrop=&amp;quot;static&amp;quot; data-keyboard=&amp;quot;false&amp;quot; aria-modal=&amp;quot;true&amp;quot; style=&amp;quot;display: block;&amp;quot;&amp;gt;...&amp;lt;/div&amp;gt;
  (Session info: chrome=108.0.5359.94)
Build info: version: &amp;apos;4.6.0&amp;apos;, revision: &amp;apos;79f1c02ae20&amp;apos;
System info: os.name: &amp;apos;Windows 11&amp;apos;, os.arch: &amp;apos;amd64&amp;apos;, os.version: &amp;apos;10.0&amp;apos;, java.version: &amp;apos;18.0.1.1&amp;apos;
Driver info: org.openqa.selenium.chrome.ChromeDriver
Command: [7f04b76b72ccd464d5f0e19901698870, clickElement {id=23cf3abf-6122-4f78-a1ae-655e1bf5e307}]
Capabilities {acceptInsecureCerts: false, browserName: chrome, browserVersion: 108.0.5359.94, chrome: {chromedriverVersion: 108.0.5359.71 (1e0e3868ee06..., userDataDir: C:\Users\ajink\AppData\Loca...}, goog:chromeOptions: {debuggerAddress: localhost:51483}, networkConnectionEnabled: false, pageLoadStrategy: normal, platformName: WINDOWS, proxy: Proxy(), se:cdp: ws://localhost:51483/devtoo..., se:cdpVersion: 108.0.5359.94, setWindowRect: true, strictFileInteractability: false, timeouts: {implicit: 0, pageLoad: 300000, script: 30000}, unhandledPromptBehavior: dismiss and notify, webauthn:extension:credBlob: true, webauthn:extension:largeBlob: true, webauthn:virtualAuthenticators: true}
Element: [[ChromeDriver: chrome on WINDOWS (7f04b76b72ccd464d5f0e19901698870)] -&amp;gt; xpath: //span[@id=&amp;apos;lbl_username&amp;apos;]]
Session ID: 7f04b76b72ccd464d5f0e19901698870">
      <![CDATA[org.openqa.selenium.ElementClickInterceptedException: element click intercepted: Element <span id="lbl_username">...</span> is not clickable at point (1188, 14). Other element would receive the click: <div class="modal show" id="modal_buyplans" role="dialog" data-backdrop="static" data-keyboard="false" aria-modal="true" style="display: block;">...</div>
  (Session info: chrome=108.0.5359.94)
Build info: version: '4.6.0', revision: '79f1c02ae20'
System info: os.name: 'Windows 11', os.arch: 'amd64', os.version: '10.0', java.version: '18.0.1.1'
Driver info: org.openqa.selenium.chrome.ChromeDriver
Command: [7f04b76b72ccd464d5f0e19901698870, clickElement {id=23cf3abf-6122-4f78-a1ae-655e1bf5e307}]
Capabilities {acceptInsecureCerts: false, browserName: chrome, browserVersion: 108.0.5359.94, chrome: {chromedriverVersion: 108.0.5359.71 (1e0e3868ee06..., userDataDir: C:\Users\ajink\AppData\Loca...}, goog:chromeOptions: {debuggerAddress: localhost:51483}, networkConnectionEnabled: false, pageLoadStrategy: normal, platformName: WINDOWS, proxy: Proxy(), se:cdp: ws://localhost:51483/devtoo..., se:cdpVersion: 108.0.5359.94, setWindowRect: true, strictFileInteractability: false, timeouts: {implicit: 0, pageLoad: 300000, script: 30000}, unhandledPromptBehavior: dismiss and notify, webauthn:extension:credBlob: true, webauthn:extension:largeBlob: true, webauthn:virtualAuthenticators: true}
Element: [[ChromeDriver: chrome on WINDOWS (7f04b76b72ccd464d5f0e19901698870)] -> xpath: //span[@id='lbl_username']]
Session ID: 7f04b76b72ccd464d5f0e19901698870
at org.openqa.selenium.remote.codec.w3c.W3CHttpResponseCodec.createException(W3CHttpResponseCodec.java:200)
at org.openqa.selenium.remote.codec.w3c.W3CHttpResponseCodec.decode(W3CHttpResponseCodec.java:133)
at org.openqa.selenium.remote.codec.w3c.W3CHttpResponseCodec.decode(W3CHttpResponseCodec.java:53)
at org.openqa.selenium.remote.HttpCommandExecutor.execute(HttpCommandExecutor.java:184)
at org.openqa.selenium.remote.service.DriverCommandExecutor.invokeExecute(DriverCommandExecutor.java:167)
at org.openqa.selenium.remote.service.DriverCommandExecutor.execute(DriverCommandExecutor.java:142)
at org.openqa.selenium.remote.RemoteWebDriver.execute(RemoteWebDriver.java:541)
at org.openqa.selenium.remote.RemoteWebElement.execute(RemoteWebElement.java:257)
at org.openqa.selenium.remote.RemoteWebElement.click(RemoteWebElement.java:78)
at org.openqa.selenium.support.pagefactory.internal.LocatingElementHandler.invoke(LocatingElementHandler.java:52)
at jdk.proxy2/jdk.proxy2.$Proxy19.click(Unknown Source)
at NeoStoxPOM.NeoStoxHomePage.clickOnLogOutButton(NeoStoxHomePage.java:61)
at NeoStoxTestClasses.ValidateNeoStoxBalance.logOutFromApplication(ValidateNeoStoxBalance.java:59)
at java.base/java.util.ArrayList.forEach(ArrayList.java:1511)
... Removed 35 stack frames]]>
    </failure>
  </testcase> <!-- @AfterMethod logOutFromApplication -->
  <testcase classname="NeoStoxTestClasses.ValidateNeoStoxBalance" name="@AfterClass closingBrowser" time="-1.670064619601E9">
    <skipped/>
  </testcase> <!-- @AfterClass closingBrowser -->
  <testcase classname="NeoStoxTestClasses.ValidateNeoStoxBalance" name="validateBalance" time="0.094">
    <failure type="java.lang.AssertionError" message="TC failed actual and expected are not matching expected [Rs.5,00,0.00] but found [Rs.5,00,000.00]">
      <![CDATA[java.lang.AssertionError: TC failed actual and expected are not matching expected [Rs.5,00,0.00] but found [Rs.5,00,000.00]
at NeoStoxTestClasses.ValidateNeoStoxBalance.validateBalance(ValidateNeoStoxBalance.java:51)
at java.base/java.util.ArrayList.forEach(ArrayList.java:1511)
... Removed 30 stack frames]]>
    </failure>
  </testcase> <!-- validateBalance -->
  <testcase classname="NeoStoxTestClasses.ValidateNeoStoxUserName" name="ValidateNeoStoxUserNameId" time="0.044"/>
</testsuite> <!-- Test -->
